Unity Editor version:    2021.2.13f1 (90b6766da538)
Branch:                  2021.2/staging
Build type:              Release
Batch mode:              YES
macOS version:           Version 12.5.1 (Build 21G83)
Darwin version:          21.6.0
Architecture:            arm64
Running under Rosetta:   NO
Available memory:        16384 MB
Using pre-set license
Pro License: YES

COMMAND LINE ARGUMENTS:
/Applications/Unity/Hub/Editor/2021.2.13f1/Unity.app/Contents/MacOS/Unity
-adb2
-batchMode
-noUpm
-name
AssetImportWorker0
-projectPath
/Users/yukun/Desktop/UnityWorkspace/ARCampusScan
-logFile
Logs/AssetImportWorker0.log
-srvPort
49754
Successfully changed project path to: /Users/yukun/Desktop/UnityWorkspace/ARCampusScan
/Users/yukun/Desktop/UnityWorkspace/ARCampusScan
[UnityMemory] Configuration Parameters - Can be set up in boot.config
    "memorysetup-bucket-allocator-granularity=16"
    "memorysetup-bucket-allocator-bucket-count=8"
    "memorysetup-bucket-allocator-block-size=33554432"
    "memorysetup-bucket-allocator-block-count=8"
    "memorysetup-main-allocator-block-size=16777216"
    "memorysetup-thread-allocator-block-size=16777216"
    "memorysetup-gfx-main-allocator-block-size=16777216"
    "memorysetup-gfx-thread-allocator-block-size=16777216"
    "memorysetup-cache-allocator-block-size=4194304"
    "memorysetup-typetree-allocator-block-size=2097152"
    "memorysetup-profiler-bucket-allocator-granularity=16"
    "memorysetup-profiler-bucket-allocator-bucket-count=8"
    "memorysetup-profiler-bucket-allocator-block-size=33554432"
    "memorysetup-profiler-bucket-allocator-block-count=8"
    "memorysetup-profiler-allocator-block-size=16777216"
    "memorysetup-profiler-editor-allocator-block-size=1048576"
    "memorysetup-temp-allocator-size-main=16777216"
    "memorysetup-job-temp-allocator-block-size=2097152"
    "memorysetup-job-temp-allocator-block-size-background=1048576"
    "memorysetup-job-temp-allocator-reduction-small-platforms=262144"
    "memorysetup-temp-allocator-size-background-worker=32768"
    "memorysetup-temp-allocator-size-job-worker=262144"
    "memorysetup-temp-allocator-size-preload-manager=33554432"
    "memorysetup-temp-allocator-size-nav-mesh-worker=65536"
    "memorysetup-temp-allocator-size-audio-worker=65536"
    "memorysetup-temp-allocator-size-cloud-worker=32768"
    "memorysetup-temp-allocator-size-gi-baking-worker=262144"
    "memorysetup-temp-allocator-size-gfx=262144"
Refreshing native plugins compatible for Editor in 144.65 ms, found 3 plugins.
Preloading 0 native plugins for Editor in 0.00 ms.
Initialize engine version: 2021.2.13f1 (90b6766da538)
[Subsystems] Discovering subsystems at path /Applications/Unity/Hub/Editor/2021.2.13f1/Unity.app/Contents/Resources/UnitySubsystems
[Subsystems] Discovering subsystems at path /Users/yukun/Desktop/UnityWorkspace/ARCampusScan/Assets
GfxDevice: creating device client; threaded=0; jobified=0
 preferred device: Apple M1 Pro (high power)
Metal devices available: 1
0: Apple M1 Pro (high power)
Using device Apple M1 Pro (high power)
Initializing Metal device caps: Apple M1 Pro
Initialize mono
Mono path[0] = '/Applications/Unity/Hub/Editor/2021.2.13f1/Unity.app/Contents/Managed'
Mono path[1] = '/Applications/Unity/Hub/Editor/2021.2.13f1/Unity.app/Contents/MonoBleedingEdge/lib/mono/unityjit-macos'
Mono config path = '/Applications/Unity/Hub/Editor/2021.2.13f1/Unity.app/Contents/MonoBleedingEdge/etc'
Using monoOptions --debugger-agent=transport=dt_socket,embedding=1,server=y,suspend=n,address=127.0.0.1:56540
Begin MonoManager ReloadAssembly
Registering precompiled unity dll's ...
Register platform support module: /Applications/Unity/Hub/Editor/2021.2.13f1/Unity.app/Contents/PlaybackEngines/MacStandaloneSupport/UnityEditor.OSXStandalone.Extensions.dll
Register platform support module: /Applications/Unity/Hub/Editor/2021.2.13f1/PlaybackEngines/AndroidPlayer/UnityEditor.Android.Extensions.dll
Register platform support module: /Applications/Unity/Hub/Editor/2021.2.13f1/PlaybackEngines/iOSSupport/UnityEditor.iOS.Extensions.dll
Registered in 0.000581 seconds.
[usbmuxd] Start listen thread
[usbmuxd] Listen thread started
[usbmuxd] Send listen message
Native extension for iOS target not found
Native extension for Android target not found
Native extension for OSXStandalone target not found
Refreshing native plugins compatible for Editor in 100.03 ms, found 3 plugins.
Preloading 0 native plugins for Editor in 0.00 ms.
Mono: successfully reloaded assembly
- Completed reload, in  0.424 seconds
Domain Reload Profiling:
	ReloadAssembly (424ms)
		BeginReloadAssembly (29ms)
			ExecutionOrderSort (0ms)
			DisableScriptedObjects (0ms)
			BackupInstance (0ms)
			ReleaseScriptingObjects (0ms)
			CreateAndSetChildDomain (0ms)
		EndReloadAssembly (331ms)
			LoadAssemblies (30ms)
			RebuildTransferFunctionScriptingTraits (0ms)
			SetupTypeCache (69ms)
			ReleaseScriptCaches (0ms)
			RebuildScriptCaches (18ms)
			SetupLoadedEditorAssemblies (217ms)
				LogAssemblyErrors (0ms)
				InitializePlatformSupportModulesInManaged (46ms)
				SetLoadedEditorAssemblies (0ms)
				RefreshPlugins (100ms)
				BeforeProcessingInitializeOnLoad (1ms)
				ProcessInitializeOnLoadAttributes (46ms)
				ProcessInitializeOnLoadMethodAttributes (24ms)
				AfterProcessingInitializeOnLoad (0ms)
				EditorAssembliesLoaded (0ms)
			ExecutionOrderSort2 (0ms)
			AwakeInstancesAfterBackupRestoration (0ms)
Platform modules already initialized, skipping
Registering precompiled user dll's ...
Registered in 0.009887 seconds.
Begin MonoManager ReloadAssembly
Symbol file LoadedFromMemory doesn't match image /Users/yukun/Desktop/UnityWorkspace/ARCampusScan/Library/PackageCache/com.unity.visualscripting@1.7.6/Editor/VisualScripting.Core/Dependencies/DotNetZip/Unity.VisualScripting.IonicZip.dll
Symbol file LoadedFromMemory doesn't match image /Users/yukun/Desktop/UnityWorkspace/ARCampusScan/Library/PackageCache/com.unity.visualscripting@1.7.6/Editor/VisualScripting.Core/Dependencies/YamlDotNet/Unity.VisualScripting.YamlDotNet.dll
Native extension for iOS target not found
Native extension for Android target not found
Native extension for OSXStandalone target not found
Refreshing native plugins compatible for Editor in 98.95 ms, found 3 plugins.
Preloading 0 native plugins for Editor in 0.00 ms.
Package Manager log level set to [2]
Mono: successfully reloaded assembly
- Completed reload, in  1.635 seconds
Domain Reload Profiling:
	ReloadAssembly (1636ms)
		BeginReloadAssembly (162ms)
			ExecutionOrderSort (0ms)
			DisableScriptedObjects (3ms)
			BackupInstance (0ms)
			ReleaseScriptingObjects (0ms)
			CreateAndSetChildDomain (118ms)
		EndReloadAssembly (1403ms)
			LoadAssemblies (72ms)
			RebuildTransferFunctionScriptingTraits (0ms)
			SetupTypeCache (193ms)
			ReleaseScriptCaches (4ms)
			RebuildScriptCaches (42ms)
			SetupLoadedEditorAssemblies (1063ms)
				LogAssemblyErrors (0ms)
				InitializePlatformSupportModulesInManaged (13ms)
				SetLoadedEditorAssemblies (0ms)
				RefreshPlugins (99ms)
				BeforeProcessingInitializeOnLoad (74ms)
				ProcessInitializeOnLoadAttributes (862ms)
				ProcessInitializeOnLoadMethodAttributes (14ms)
				AfterProcessingInitializeOnLoad (1ms)
				EditorAssembliesLoaded (0ms)
			ExecutionOrderSort2 (0ms)
			AwakeInstancesAfterBackupRestoration (2ms)
Platform modules already initialized, skipping
========================================================================
Worker process is ready to serve import requests
Launching external process: /Applications/Unity/Hub/Editor/2021.2.13f1/Unity.app/Contents/Tools/UnityShaderCompiler
Launched and connected shader compiler UnityShaderCompiler after 0.05 seconds
Refreshing native plugins compatible for Editor in 1.08 ms, found 3 plugins.
Preloading 0 native plugins for Editor in 0.00 ms.
Unloading 5384 Unused Serialized files (Serialized files now loaded: 0)
Unloading 221 unused Assets / (23.3 MB). Loaded Objects now: 5654.
Memory consumption went from 388.9 MB to 365.6 MB.
Total: 5.711792 ms (FindLiveObjects: 0.215500 ms CreateObjectMapping: 0.063041 ms MarkObjects: 2.469750 ms  DeleteObjects: 2.962958 ms)

AssetImportParameters requested are different than current active one (requested -> active):
  custom:video-decoder-ogg-theora: a1e56fd34408186e4bbccfd4996cb3dc -> 
  custom:container-muxer-webm: aa71ff27fc2769a1b78a27578f13a17b -> 
  custom:container-demuxer-webm: 4f35f7cbe854078d1ac9338744f61a02 -> 
  custom:video-encoder-webm-vp8: eb34c28f22e8b96e1ab97ce403110664 -> 
  custom:framework-osx-AVFoundation: e770b220cccbd017edd2c1fefb359320 -> 
  custom:audio-encoder-webm-vorbis: bf7c407c2cedff20999df2af8eb42d56 -> 
  custom:container-demuxer-ogg: 62fdf1f143b41e24485cea50d1cbac27 -> 
  custom:video-decoder-webm-vp8: 9c59270c3fd7afecdb556c50c9e8de78 -> 
  custom:audio-decoder-ogg-vorbis: bf7c407c2cedff20999df2af8eb42d56 -> 
========================================================================
Received Import Request.
  Time since last request: 3990.659467 seconds.
  path: Assets/OpenCVForUnity
  artifactKey: Guid(78afd95d201104186affd1b372420faf) Importer(815301076,1909f56bfc062723c751e8b465ee728b)
Start importing Assets/OpenCVForUnity using Guid(78afd95d201104186affd1b372420faf) Importer(815301076,1909f56bfc062723c751e8b465ee728b)  -> (artifact id: '42739bcee7a9d55f1a94cca6d6efc15a') in 0.007061 seconds 
========================================================================
Received Import Request.
  Time since last request: 0.397298 seconds.
  path: Assets/OpenCVForUnity/ReadMe.pdf
  artifactKey: Guid(4c21b039bd8bde54b9f761c5fd15d24f) Importer(815301076,1909f56bfc062723c751e8b465ee728b)
Start importing Assets/OpenCVForUnity/ReadMe.pdf using Guid(4c21b039bd8bde54b9f761c5fd15d24f) Importer(815301076,1909f56bfc062723c751e8b465ee728b)  -> (artifact id: '58b8677fa0c84a7d7517509d942b5fa0') in 0.425579 seconds 
========================================================================
Received Import Request.
  Time since last request: 21.922571 seconds.
  path: Assets/OpenCVForUnity/StreamingAssets
  artifactKey: Guid(f32404ee902638a43aeed0b2b8b2ac81) Importer(815301076,1909f56bfc062723c751e8b465ee728b)
Start importing Assets/OpenCVForUnity/StreamingAssets using Guid(f32404ee902638a43aeed0b2b8b2ac81) Importer(815301076,1909f56bfc062723c751e8b465ee728b)  -> (artifact id: 'caaedfb24bad6fc2a9adebdb10307819') in 0.001274 seconds 
========================================================================
Received Import Request.
  Time since last request: 9.464164 seconds.
  path: Assets/OpenCVForUnity/Editor
  artifactKey: Guid(1e52d4da63c6a234ab53e8d2b80042cf) Importer(815301076,1909f56bfc062723c751e8b465ee728b)
Start importing Assets/OpenCVForUnity/Editor using Guid(1e52d4da63c6a234ab53e8d2b80042cf) Importer(815301076,1909f56bfc062723c751e8b465ee728b)  -> (artifact id: '3e97164279c053a098510604c7954de0') in 0.001384 seconds 
========================================================================
Received Import Request.
  Time since last request: 0.062438 seconds.
  path: Assets/OpenCVForUnity/Editor/EnoxSoftware.OpenCVForUnity.Editor.asmdef
  artifactKey: Guid(2fddcc37840027b48a59330a188be547) Importer(815301076,1909f56bfc062723c751e8b465ee728b)
Start importing Assets/OpenCVForUnity/Editor/EnoxSoftware.OpenCVForUnity.Editor.asmdef using Guid(2fddcc37840027b48a59330a188be547) Importer(815301076,1909f56bfc062723c751e8b465ee728b)  -> (artifact id: '50c0777a075d11e78c5d81e7abf9e2f6') in 0.031848 seconds 
========================================================================
Received Import Request.
  Time since last request: 44.804770 seconds.
  path: Assets/OpenCVForUnity/Editor/OpenCVForUnityIOSBuildPostprocessor.cs
  artifactKey: Guid(1468bec8532ec6d488cebe62022b2b67) Importer(815301076,1909f56bfc062723c751e8b465ee728b)
Start importing Assets/OpenCVForUnity/Editor/OpenCVForUnityIOSBuildPostprocessor.cs using Guid(1468bec8532ec6d488cebe62022b2b67) Importer(815301076,1909f56bfc062723c751e8b465ee728b)  -> (artifact id: 'dc107ee71cabb59457546fd84e0296ce') in 0.092329 seconds 
========================================================================
Received Import Request.
  Time since last request: 0.661358 seconds.
  path: Assets/OpenCVForUnity/Editor/OpenCVForUnityMenuItem.cs
  artifactKey: Guid(94571a6b79d0cf14ba69f68be8bb2852) Importer(815301076,1909f56bfc062723c751e8b465ee728b)
Start importing Assets/OpenCVForUnity/Editor/OpenCVForUnityMenuItem.cs using Guid(94571a6b79d0cf14ba69f68be8bb2852) Importer(815301076,1909f56bfc062723c751e8b465ee728b)  -> (artifact id: '63c9eb358668bbe0081caa0f20262c9d') in 0.001698 seconds 
========================================================================
Received Import Request.
  Time since last request: 0.710764 seconds.
  path: Assets/OpenCVForUnity/Editor/OpenCVForUnityResetDebugMode.cs
  artifactKey: Guid(2b5b6eabd7cb07c4c96feab726e82902) Importer(815301076,1909f56bfc062723c751e8b465ee728b)
Start importing Assets/OpenCVForUnity/Editor/OpenCVForUnityResetDebugMode.cs using Guid(2b5b6eabd7cb07c4c96feab726e82902) Importer(815301076,1909f56bfc062723c751e8b465ee728b)  -> (artifact id: '925635e3a95263f75490ef33197086c2') in 0.002325 seconds 
========================================================================
Received Import Request.
  Time since last request: 23.198218 seconds.
  path: Assets/OpenCVForUnity/Examples
  artifactKey: Guid(33ccb7813c4d943468c30d88ff8d8f07) Importer(815301076,1909f56bfc062723c751e8b465ee728b)
Start importing Assets/OpenCVForUnity/Examples using Guid(33ccb7813c4d943468c30d88ff8d8f07) Importer(815301076,1909f56bfc062723c751e8b465ee728b)  -> (artifact id: 'c9c4794078d819dc23d89ac949b0b4e1') in 0.001219 seconds 
========================================================================
Received Import Request.
  Time since last request: 0.060085 seconds.
  path: Assets/OpenCVForUnity/Examples/ExampleMaterial.mat
  artifactKey: Guid(d5c2a09c8f8d079458801d608271b579) Importer(815301076,1909f56bfc062723c751e8b465ee728b)
Start importing Assets/OpenCVForUnity/Examples/ExampleMaterial.mat using Guid(d5c2a09c8f8d079458801d608271b579) Importer(815301076,1909f56bfc062723c751e8b465ee728b)  -> (artifact id: '7139bbd88aef3174eddccb26fb409773') in 0.126231 seconds 
========================================================================
Received Import Request.
  Time since last request: 3.247643 seconds.
  path: Assets/OpenCVForUnity/Examples/MainModules
  artifactKey: Guid(5f9bfb9383c040e48965c4a600705fb4) Importer(815301076,1909f56bfc062723c751e8b465ee728b)
Start importing Assets/OpenCVForUnity/Examples/MainModules using Guid(5f9bfb9383c040e48965c4a600705fb4) Importer(815301076,1909f56bfc062723c751e8b465ee728b)  -> (artifact id: 'ad080ab6104a2229779f911a9be5c6bd') in 0.001853 seconds 
========================================================================
Received Import Request.
  Time since last request: 0.571636 seconds.
  path: Assets/OpenCVForUnity/Examples/TouchController.cs
  artifactKey: Guid(c0d0dbdff39d04340b992d63c1413714) Importer(815301076,1909f56bfc062723c751e8b465ee728b)
Start importing Assets/OpenCVForUnity/Examples/TouchController.cs using Guid(c0d0dbdff39d04340b992d63c1413714) Importer(815301076,1909f56bfc062723c751e8b465ee728b)  -> (artifact id: '684228d3ed5c6ce664d92637ccaf05cb') in 0.001437 seconds 
========================================================================
Received Import Request.
  Time since last request: 0.393672 seconds.
  path: Assets/OpenCVForUnity/Examples/ShowSystemInfo.unity
  artifactKey: Guid(42ae57bf137440946a42849763a28437) Importer(815301076,1909f56bfc062723c751e8b465ee728b)
Start importing Assets/OpenCVForUnity/Examples/ShowSystemInfo.unity using Guid(42ae57bf137440946a42849763a28437) Importer(815301076,1909f56bfc062723c751e8b465ee728b)  -> (artifact id: '24e6c46eb856f15b288df5d7cda95e78') in 0.000761 seconds 
========================================================================
Received Import Request.
  Time since last request: 0.553100 seconds.
  path: Assets/OpenCVForUnity/Examples/ShowSystemInfo.cs
  artifactKey: Guid(143a40e6a2bf638438ec2e149c8f376d) Importer(815301076,1909f56bfc062723c751e8b465ee728b)
Start importing Assets/OpenCVForUnity/Examples/ShowSystemInfo.cs using Guid(143a40e6a2bf638438ec2e149c8f376d) Importer(815301076,1909f56bfc062723c751e8b465ee728b)  -> (artifact id: '1bcd87434659d8e91ae201546098e8ed') in 0.000765 seconds 
========================================================================
Received Import Request.
  Time since last request: 0.479401 seconds.
  path: Assets/OpenCVForUnity/Examples/ShowLicense.unity
  artifactKey: Guid(eb34810e3e19dc345b1f0be0bf793d5f) Importer(815301076,1909f56bfc062723c751e8b465ee728b)
Start importing Assets/OpenCVForUnity/Examples/ShowLicense.unity using Guid(eb34810e3e19dc345b1f0be0bf793d5f) Importer(815301076,1909f56bfc062723c751e8b465ee728b)  -> (artifact id: '57d0c4e967a338dd10b159ffade49bf8') in 0.000790 seconds 
========================================================================
Received Import Request.
  Time since last request: 0.481500 seconds.
  path: Assets/OpenCVForUnity/Examples/ShowLicense.cs
  artifactKey: Guid(9edeb721da1dd3c49a1bd82aa7dfa2fc) Importer(815301076,1909f56bfc062723c751e8b465ee728b)
Start importing Assets/OpenCVForUnity/Examples/ShowLicense.cs using Guid(9edeb721da1dd3c49a1bd82aa7dfa2fc) Importer(815301076,1909f56bfc062723c751e8b465ee728b)  -> (artifact id: '7d5aa40f98dce990d5085b70b85411f5') in 0.001292 seconds 
========================================================================
Received Import Request.
  Time since last request: 0.936111 seconds.
  path: Assets/OpenCVForUnity/Examples/OpenCVForUnityExample.unity
  artifactKey: Guid(c1089b6c5cb5b0742be92732f5bdc172) Importer(815301076,1909f56bfc062723c751e8b465ee728b)
Start importing Assets/OpenCVForUnity/Examples/OpenCVForUnityExample.unity using Guid(c1089b6c5cb5b0742be92732f5bdc172) Importer(815301076,1909f56bfc062723c751e8b465ee728b)  -> (artifact id: '8726b0f6726ec632c60ce813742f56e0') in 0.001014 seconds 
========================================================================
Received Import Request.
  Time since last request: 0.891303 seconds.
  path: Assets/OpenCVForUnity/Examples/Resources
  artifactKey: Guid(d2d9ca43d95613247b897ac3dc2d5697) Importer(815301076,1909f56bfc062723c751e8b465ee728b)
Start importing Assets/OpenCVForUnity/Examples/Resources using Guid(d2d9ca43d95613247b897ac3dc2d5697) Importer(815301076,1909f56bfc062723c751e8b465ee728b)  -> (artifact id: '0f27e8467d93a3ee937dce7e65b26c80') in 0.001174 seconds 
========================================================================
Received Import Request.
  Time since last request: 11.132863 seconds.
  path: Assets/OpenCVForUnity/Notices.txt
  artifactKey: Guid(c4b8abdf5e1f44a4db4dc7c19086a302) Importer(815301076,1909f56bfc062723c751e8b465ee728b)
Start importing Assets/OpenCVForUnity/Notices.txt using Guid(c4b8abdf5e1f44a4db4dc7c19086a302) Importer(815301076,1909f56bfc062723c751e8b465ee728b)  -> (artifact id: '5eb63ace6cb5fc9a21f100d4d35af5f0') in 0.810345 seconds 
